  main.cpp
c:\users\cgi06\source\repos\labcgeihc\practica4\09-translaciones\src\main.cpp(199): warning C4244: '=': conversión de 'double' a 'int'; posible pérdida de datos
c:\users\cgi06\source\repos\labcgeihc\practica4\09-translaciones\src\main.cpp(200): warning C4244: '=': conversión de 'double' a 'int'; posible pérdida de datos
main.obj : error LNK2019: símbolo externo __imp_glewInit sin resolver al que se hace referencia en la función "void __cdecl init(int,int,class std::basic_string<char,struct std::char_traits<char>,class std::allocator<char> >,bool)" (?init@@YAXHHV?$basic_string@DU?$char_traits@D@std@@V?$allocator@D@2@@std@@_N@Z)
main.obj : error LNK2019: símbolo externo glfwInit sin resolver al que se hace referencia en la función "void __cdecl init(int,int,class std::basic_string<char,struct std::char_traits<char>,class std::allocator<char> >,bool)" (?init@@YAXHHV?$basic_string@DU?$char_traits@D@std@@V?$allocator@D@2@@std@@_N@Z)
main.obj : error LNK2019: símbolo externo glfwTerminate sin resolver al que se hace referencia en la función "void __cdecl destroyWindow(void)" (?destroyWindow@@YAXXZ)
main.obj : error LNK2019: símbolo externo glfwGetPrimaryMonitor sin resolver al que se hace referencia en la función "void __cdecl init(int,int,class std::basic_string<char,struct std::char_traits<char>,class std::allocator<char> >,bool)" (?init@@YAXHHV?$basic_string@DU?$char_traits@D@std@@V?$allocator@D@2@@std@@_N@Z)
main.obj : error LNK2019: símbolo externo glfwWindowHint sin resolver al que se hace referencia en la función "void __cdecl init(int,int,class std::basic_string<char,struct std::char_traits<char>,class std::allocator<char> >,bool)" (?init@@YAXHHV?$basic_string@DU?$char_traits@D@std@@V?$allocator@D@2@@std@@_N@Z)
main.obj : error LNK2019: símbolo externo glfwCreateWindow sin resolver al que se hace referencia en la función "void __cdecl init(int,int,class std::basic_string<char,struct std::char_traits<char>,class std::allocator<char> >,bool)" (?init@@YAXHHV?$basic_string@DU?$char_traits@D@std@@V?$allocator@D@2@@std@@_N@Z)
main.obj : error LNK2019: símbolo externo glfwDestroyWindow sin resolver al que se hace referencia en la función "void __cdecl destroyWindow(void)" (?destroyWindow@@YAXXZ)
main.obj : error LNK2019: símbolo externo glfwWindowShouldClose sin resolver al que se hace referencia en la función "bool __cdecl processInput(bool)" (?processInput@@YA_N_N@Z)
main.obj : error LNK2019: símbolo externo glfwSetWindowSizeCallback sin resolver al que se hace referencia en la función "void __cdecl init(int,int,class std::basic_string<char,struct std::char_traits<char>,class std::allocator<char> >,bool)" (?init@@YAXHHV?$basic_string@DU?$char_traits@D@std@@V?$allocator@D@2@@std@@_N@Z)
main.obj : error LNK2019: símbolo externo glfwPollEvents sin resolver al que se hace referencia en la función "bool __cdecl processInput(bool)" (?processInput@@YA_N_N@Z)
main.obj : error LNK2019: símbolo externo glfwSetInputMode sin resolver al que se hace referencia en la función "void __cdecl init(int,int,class std::basic_string<char,struct std::char_traits<char>,class std::allocator<char> >,bool)" (?init@@YAXHHV?$basic_string@DU?$char_traits@D@std@@V?$allocator@D@2@@std@@_N@Z)
main.obj : error LNK2019: símbolo externo glfwSetKeyCallback sin resolver al que se hace referencia en la función "void __cdecl init(int,int,class std::basic_string<char,struct std::char_traits<char>,class std::allocator<char> >,bool)" (?init@@YAXHHV?$basic_string@DU?$char_traits@D@std@@V?$allocator@D@2@@std@@_N@Z)
main.obj : error LNK2019: símbolo externo glfwSetMouseButtonCallback sin resolver al que se hace referencia en la función "void __cdecl init(int,int,class std::basic_string<char,struct std::char_traits<char>,class std::allocator<char> >,bool)" (?init@@YAXHHV?$basic_string@DU?$char_traits@D@std@@V?$allocator@D@2@@std@@_N@Z)
main.obj : error LNK2019: símbolo externo glfwSetCursorPosCallback sin resolver al que se hace referencia en la función "void __cdecl init(int,int,class std::basic_string<char,struct std::char_traits<char>,class std::allocator<char> >,bool)" (?init@@YAXHHV?$basic_string@DU?$char_traits@D@std@@V?$allocator@D@2@@std@@_N@Z)
main.obj : error LNK2019: símbolo externo glfwMakeContextCurrent sin resolver al que se hace referencia en la función "void __cdecl init(int,int,class std::basic_string<char,struct std::char_traits<char>,class std::allocator<char> >,bool)" (?init@@YAXHHV?$basic_string@DU?$char_traits@D@std@@V?$allocator@D@2@@std@@_N@Z)
main.obj : error LNK2019: símbolo externo glfwSwapBuffers sin resolver al que se hace referencia en la función "void __cdecl applicationLoop(void)" (?applicationLoop@@YAXXZ)
main.obj : error LNK2019: símbolo externo glfwSwapInterval sin resolver al que se hace referencia en la función "void __cdecl init(int,int,class std::basic_string<char,struct std::char_traits<char>,class std::allocator<char> >,bool)" (?init@@YAXHHV?$basic_string@DU?$char_traits@D@std@@V?$allocator@D@2@@std@@_N@Z)
main.obj : error LNK2001: símbolo externo __imp___glewBindBuffer sin resolver
main.obj : error LNK2001: símbolo externo __imp___glewBufferData sin resolver
main.obj : error LNK2001: símbolo externo __imp___glewDeleteBuffers sin resolver
main.obj : error LNK2001: símbolo externo __imp___glewGenBuffers sin resolver
main.obj : error LNK2001: símbolo externo __imp___glewDisableVertexAttribArray sin resolver
main.obj : error LNK2001: símbolo externo __imp___glewEnableVertexAttribArray sin resolver
main.obj : error LNK2001: símbolo externo __imp___glewUseProgram sin resolver
Shader.obj : error LNK2001: símbolo externo __imp___glewUseProgram sin resolver
main.obj : error LNK2001: símbolo externo __imp___glewVertexAttribPointer sin resolver
main.obj : error LNK2001: símbolo externo __imp___glewBindVertexArray sin resolver
main.obj : error LNK2001: símbolo externo __imp___glewDeleteVertexArrays sin resolver
main.obj : error LNK2001: símbolo externo __imp___glewGenVertexArrays sin resolver
main.obj : error LNK2001: símbolo externo __imp_glewExperimental sin resolver
Shader.obj : error LNK2001: símbolo externo __imp___glewAttachShader sin resolver
Shader.obj : error LNK2001: símbolo externo __imp___glewCompileShader sin resolver
Shader.obj : error LNK2001: símbolo externo __imp___glewCreateProgram sin resolver
Shader.obj : error LNK2001: símbolo externo __imp___glewCreateShader sin resolver
Shader.obj : error LNK2001: símbolo externo __imp___glewDeleteProgram sin resolver
Shader.obj : error LNK2001: símbolo externo __imp___glewDeleteShader sin resolver
Shader.obj : error LNK2001: símbolo externo __imp___glewDetachShader sin resolver
Shader.obj : error LNK2001: símbolo externo __imp___glewGetShaderInfoLog sin resolver
Shader.obj : error LNK2001: símbolo externo __imp___glewGetShaderiv sin resolver
Shader.obj : error LNK2001: símbolo externo __imp___glewGetUniformLocation sin resolver
Shader.obj : error LNK2001: símbolo externo __imp___glewLinkProgram sin resolver
Shader.obj : error LNK2001: símbolo externo __imp___glewShaderSource sin resolver
..\..\external\glew\lib\glew32d.lib : warning LNK4272: el tipo de máquina de biblioteca 'x86' está en conflicto con el tipo de máquina de destino 'x64'
..\..\external\glfw\lib\glfw3.lib : warning LNK4272: el tipo de máquina de biblioteca 'x86' está en conflicto con el tipo de máquina de destino 'x64'
..\..\external\assimp\lib\assimp-vc140-mt.lib : warning LNK4272: el tipo de máquina de biblioteca 'x86' está en conflicto con el tipo de máquina de destino 'x64'
..\..\external\FreeImage\lib\FreeImaged.lib : warning LNK4272: el tipo de máquina de biblioteca 'x86' está en conflicto con el tipo de máquina de destino 'x64'
..\..\external\freealut\lib\alut.lib : warning LNK4272: el tipo de máquina de biblioteca 'x86' está en conflicto con el tipo de máquina de destino 'x64'
..\..\external\OpenAL\lib\OpenAL32.lib : warning LNK4272: el tipo de máquina de biblioteca 'x86' está en conflicto con el tipo de máquina de destino 'x64'
C:\Users\CGI06\source\repos\LabCGeIHC\x64\Debug\09-Translaciones.exe : fatal error LNK1120: 41 externos sin resolver
